<?xml version="1.0" encoding="UTF-8"?>
<testng-results ignored="0" total="1" passed="1" failed="0" skipped="0">
  <reporter-output>
  </reporter-output>
  <suite started-at="2022-09-27T23:00:32 IST" name="Default suite" finished-at="2022-09-27T23:00:38 IST" duration-ms="6380">
    <groups>
    </groups>
    <test started-at="2022-09-27T23:00:32 IST" name="Default test" finished-at="2022-09-27T23:00:38 IST" duration-ms="6380">
      <class name="seliniumautosignin.package01.Class01">
        <test-method signature="t_01_validate_signin()[pri:0, instance:seliniumautosignin.package01.Class01@3d74bf60]" started-at="2022-09-27T23:00:32 IST" name="t_01_validate_signin" finished-at="2022-09-27T23:00:38 IST" duration-ms="6347" status="PASS">
          <reporter-output>
          </reporter-output>
        </test-method> <!-- t_01_validate_signin -->
      </class> <!-- seliniumautosignin.package01.Class01 -->
    </test> <!-- Default test -->
  </suite> <!-- Default suite -->
</testng-results>
